Word           Frequency 
-------------------------
र              27        
छ              19        
भए             7         
सय             7         
थप             5         
दशमलव          4         
कम             4         
तर             4         
डलर            3         
एक             3         
Word           Frequency 
-------------------------
छ              5867      
र              3634      
एक             1303      
यस             552       
सय             489       
गत             440       
तर             355       
भए             208       
अल             161       
बम             151       

Word           Frequency 
-------------------------
छ              5839      
र              3594      
एक             1295      
यस             552       
सय             481       
गत             438       
तर             351       
भए             201       
अल             161       
बम             151       

Word           Frequency 
-------------------------
छ              5839      
र              3594      
एक             1295      
यस             552       
सय             481       
गत             438       
तर             351       
भए             201       
अल             161       
बम             151       

Word           Frequency 
-------------------------
छ              5839      
र              3594      
एक             1295      
यस             552       
सय             481       
गत             438       
तर             351       
भए             201       
अल             161       
बम             151       
पटक            147       
कम             141       
थप             137       
मत             137       
समय            135       
दल             132       
घर             121       
डलर            114       
अफ             113       
त              108       
भएर            94        
सहर            93        
रकम            75        
छलफल           74        
ठहर            72        
अब             71        
गठन            71        
खबर            70        
भवन            69        
म              65        
सडक            65        
आज             60        
कदम            55        
गलत            51        
तय             50        
सफल            50        
शव             48        
पद             47        
द              43        
मन             43        
आठ             43        
आम             43        
नगर            43        
शरण            39        
दशमलव          39        
आउन            39        
फरक            36        
असर            35        
असफल           34        
बल             31        
नभई            31        
रहन            31        
लगभग           30        
जनरल           29        
बहस            28        
अवसर           28        
पटकपटक         28        
एकसय           28        
तलब            28        
नभएर           26        
अपहरण          26        
असल            25        
न              25        
दस             24        
अरब            24        
बस             23        
झडप            23        
शपथ            23        
पहल            22        
सहज            22        
अलग            21        
पसल            20        
ऋण             20        
ए              20        
चयन            19        
सन             19        
फर             17        
हङकङ           17        
अझ             17        
ऊ              17        
दर             17        
सहमत           16        
कर             16        
एयर            16        
भई             16        
पकड            16        
डर             16        
सदन            15        
चलन            15        
गएर            15        
सब             15        
आएर            15        
हल             14        
एकपटक          14        
नगद            14        
वरपर           14        
एस             14        
हसन            14        
तल             13        
यसपटक          13        

